build/app/outputs/mapping/r8/release/mapping.txt
# compiler: R8
# compiler_version: 1.2.49
# min_api: 16
...
io.flutter.plugin.platform.PlatformPlugin$2 -> io.flutter.plugin.platform.d:
    int[] $SwitchMap$io$flutter$embedding$engine$systemchannels$PlatformChannel$Brightness -> c
    int[] $SwitchMap$io$flutter$embedding$engine$systemchannels$PlatformChannel$HapticFeedbackType -> a
    int[] $SwitchMap$io$flutter$embedding$engine$systemchannels$PlatformChannel$SystemUiOverlay -> b
io.flutter.plugin.platform.PlatformView -> io.flutter.plugin.platform.f:
    android.view.View getView() -> d
    void dispose() -> b
    void onFlutterViewAttached(android.view.View) -> a
    void onInputConnectionLocked() -> a
    void onInputConnectionUnlocked() -> c
io.flutter.plugin.platform.PlatformViewFactory -> io.flutter.plugin.platform.g:
    io.flutter.plugin.common.MessageCodec getCreateArgsCodec() -> a
    io.flutter.plugin.platform.PlatformView create(android.content.Context,int,java.lang.Object) -> a
io.flutter.plugin.platform.PlatformViewRegistry -> io.flutter.plugin.platform.h:
io.flutter.plugin.platform.PlatformViewRegistryImpl -> io.flutter.plugin.platform.i:
    java.util.Map viewFactories -> a
    io.flutter.plugin.platform.PlatformViewFactory getFactory(java.lang.String) -> a
io.flutter.plugin.platform.PlatformViewsAccessibilityDelegate -> io.flutter.plugin.platform.j:
    android.view.View getPlatformViewById(java.lang.Integer) -> a
    void attachAccessibilityBridge(io.flutter.view.AccessibilityBridge) -> a
    void detachAccessibiltyBridge() -> a
io.flutter.plugin.platform.PlatformViewsController -> io.flutter.plugin.platform.m:
    android.content.Context context -> b
    android.view.View flutterView -> c
    io.flutter.embedding.engine.systemchannels.PlatformViewsChannel platformViewsChannel -> f
    io.flutter.embedding.engine.systemchannels.PlatformViewsChannel$PlatformViewsHandler channelHandler -> j
    io.flutter.plugin.editing.TextInputPlugin textInputPlugin -> e
    io.flutter.plugin.platform.AccessibilityEventsDelegate accessibilityEventsDelegate -> g
    io.flutter.plugin.platform.PlatformViewRegistryImpl registry -> a
    io.flutter.view.TextureRegistry textureRegistry -> d
    java.util.HashMap contextToPlatformView -> i
    java.util.HashMap vdControllers -> h
    android.content.Context access$500(io.flutter.plugin.platform.PlatformViewsController) -> c
    android.view.MotionEvent$PointerCoords parsePointerCoords(java.lang.Object,float) -> c
    android.view.MotionEvent$PointerProperties parsePointerProperties(java.lang.Object) -> c
    android.view.View access$700(io.flutter.plugin.platform.PlatformViewsController) -> e
    boolean access$000(int) -> a
    boolean validateDirection(int) -> b
    int access$200(io.flutter.plugin.platform.PlatformViewsController,double) -> a
    int toPhysicalPixels(double) -> a
    io.flutter.embedding.engine.systemchannels.PlatformViewsChannel access$1400(io.flutter.plugin.platform.PlatformViewsController) -> h
io.flutter.plugin.platform.PlatformViewsController$1 -> io.flutter.plugin.platform.l:
    io.flutter.plugin.platform.PlatformViewsController this$0 -> a
    void ensureValidAndroidVersion() -> a
    void lambda$createPlatformView$0(io.flutter.plugin.platform.PlatformViewsController$1,io.flutter.embedding.engine.systemchannels.PlatformViewsChannel$PlatformViewCreationRequest,android.view.View,boolean) -> a
    long createPlatformView(io.flutter.embedding.engine.systemchannels.PlatformViewsChannel$PlatformViewCreationRequest) -> a
    void clearFocus(int) -> b
    void disposePlatformView(int) -> a
    void onTouch(io.flutter.embedding.engine.systemchannels.PlatformViewsChannel$PlatformViewTouch) -> a
    void resizePlatformView(io.flutter.embedding.engine.systemchannels.PlatformViewsChannel$PlatformViewResizeRequest,java.lang.Runnable) -> a
    void setDirection(int,int) -> a